<?xml version="1.0" encoding="UTF-8"?>
<!-- Generated by org.testng.reporters.JUnitXMLReporter -->
<testsuite ignored="0" hostname="DESKTOP-4HL9IF1" failures="0" tests="6" name="Default test" time="6.689" errors="0" timestamp="2024-04-29T17:51:00 AST">
  <testcase classname="AlmosaferWeb.myTestCase" name="checkTheLanguageIsEnglish" time="0.048"/>
  <testcase classname="AlmosaferWeb.myTestCase" name="checkTheCurrensyIsSar" time="0.034"/>
  <testcase classname="AlmosaferWeb.myTestCase" name="checkNumber" time="0.025"/>
  <testcase classname="AlmosaferWeb.myTestCase" name="logo" time="0.038"/>
  <testcase classname="AlmosaferWeb.myTestCase" name="checkHotelNotSelected" time="0.03"/>
  <testcase classname="AlmosaferWeb.myTestCase" name="RandomMethodToChangeLanguage" time="2.158"/>
</testsuite> <!-- Default test -->
