<?xml version="1.0" encoding="UTF-8"?>
<!-- Generated by org.testng.reporters.JUnitXMLReporter -->
<testsuite ignored="0" hostname="DESKTOP-4HL9IF1" failures="0" tests="8" name="Default test" time="6.288" errors="0" timestamp="2024-04-30T17:50:12 AST">
  <testcase classname="AlmosaferWeb.myTestCase" name="checkTheLanguageIsEnglish" time="0.074"/>
  <testcase classname="AlmosaferWeb.myTestCase" name="checkTheCurrensyIsSar" time="0.023"/>
  <testcase classname="AlmosaferWeb.myTestCase" name="checkNumber" time="0.017"/>
  <testcase classname="AlmosaferWeb.myTestCase" name="logo" time="0.03"/>
  <testcase classname="AlmosaferWeb.myTestCase" name="checkHotelNotSelected" time="0.017"/>
  <testcase classname="AlmosaferWeb.myTestCase" name="checkDepartureAndReturnDate" time="0.033"/>
  <testcase classname="AlmosaferWeb.myTestCase" name="RandomMethodToChangeLanguage" time="1.511"/>
  <testcase classname="AlmosaferWeb.myTestCase" name="swichTab" time="0.193"/>
</testsuite> <!-- Default test -->
