<?xml version="1.0" encoding="UTF-8"?>
<testng-results ignored="0" total="6" passed="6" failed="0" skipped="0">
  <reporter-output>
  </reporter-output>
  <suite started-at="2024-04-29T17:50:53 AST" name="Default suite" finished-at="2024-04-29T17:51:00 AST" duration-ms="6689">
    <groups>
    </groups>
    <test started-at="2024-04-29T17:50:53 AST" name="Default test" finished-at="2024-04-29T17:51:00 AST" duration-ms="6689">
      <class name="AlmosaferWeb.myTestCase">
        <test-method is-config="true" signature="setUp()[pri:0, instance:AlmosaferWeb.myTestCase@1338fb5]" started-at="2024-04-29T17:50:53 AST" name="setUp" finished-at="2024-04-29T17:50:57 AST" duration-ms="4301" status="PASS">
          <reporter-output>
          </reporter-output>
        </test-method> <!-- setUp -->
        <test-method signature="checkTheLanguageIsEnglish()[pri:1, instance:AlmosaferWeb.myTestCase@1338fb5]" started-at="2024-04-29T17:50:57 AST" name="checkTheLanguageIsEnglish" finished-at="2024-04-29T17:50:57 AST" duration-ms="48" status="PASS">
          <reporter-output>
          </reporter-output>
        </test-method> <!-- checkTheLanguageIsEnglish -->
        <test-method signature="checkTheCurrensyIsSar()[pri:2, instance:AlmosaferWeb.myTestCase@1338fb5]" started-at="2024-04-29T17:50:57 AST" name="checkTheCurrensyIsSar" finished-at="2024-04-29T17:50:57 AST" duration-ms="34" status="PASS">
          <reporter-output>
          </reporter-output>
        </test-method> <!-- checkTheCurrensyIsSar -->
        <test-method signature="checkNumber()[pri:3, instance:AlmosaferWeb.myTestCase@1338fb5]" started-at="2024-04-29T17:50:57 AST" name="checkNumber" finished-at="2024-04-29T17:50:57 AST" duration-ms="25" status="PASS">
          <reporter-output>
          </reporter-output>
        </test-method> <!-- checkNumber -->
        <test-method signature="logo()[pri:4, instance:AlmosaferWeb.myTestCase@1338fb5]" started-at="2024-04-29T17:50:57 AST" name="logo" finished-at="2024-04-29T17:50:57 AST" duration-ms="38" status="PASS">
          <reporter-output>
          </reporter-output>
        </test-method> <!-- logo -->
        <test-method signature="checkHotelNotSelected()[pri:5, instance:AlmosaferWeb.myTestCase@1338fb5]" started-at="2024-04-29T17:50:57 AST" name="checkHotelNotSelected" finished-at="2024-04-29T17:50:57 AST" duration-ms="30" status="PASS">
          <reporter-output>
          </reporter-output>
        </test-method> <!-- checkHotelNotSelected -->
        <test-method signature="RandomMethodToChangeLanguage()[pri:7, instance:AlmosaferWeb.myTestCase@1338fb5]" started-at="2024-04-29T17:50:57 AST" name="RandomMethodToChangeLanguage" finished-at="2024-04-29T17:51:00 AST" duration-ms="2158" status="PASS">
          <reporter-output>
          </reporter-output>
        </test-method> <!-- RandomMethodToChangeLanguage -->
        <test-method is-config="true" signature="myPostTest()[pri:0, instance:AlmosaferWeb.myTestCase@1338fb5]" started-at="2024-04-29T17:51:00 AST" name="myPostTest" finished-at="2024-04-29T17:51:00 AST" duration-ms="0" status="PASS">
          <reporter-output>
          </reporter-output>
        </test-method> <!-- myPostTest -->
      </class> <!-- AlmosaferWeb.myTestCase -->
    </test> <!-- Default test -->
  </suite> <!-- Default suite -->
</testng-results>
