<?xml version="1.0" encoding="UTF-8"?>
<testng-results ignored="0" total="8" passed="8" failed="0" skipped="0">
  <reporter-output>
  </reporter-output>
  <suite started-at="2024-04-30T17:50:05 AST" name="Default suite" finished-at="2024-04-30T17:50:12 AST" duration-ms="6288">
    <groups>
    </groups>
    <test started-at="2024-04-30T17:50:05 AST" name="Default test" finished-at="2024-04-30T17:50:12 AST" duration-ms="6288">
      <class name="AlmosaferWeb.myTestCase">
        <test-method is-config="true" signature="setUp()[pri:0, instance:AlmosaferWeb.myTestCase@41dd05a]" started-at="2024-04-30T17:50:05 AST" name="setUp" finished-at="2024-04-30T17:50:10 AST" duration-ms="4343" status="PASS">
          <reporter-output>
          </reporter-output>
        </test-method> <!-- setUp -->
        <test-method signature="checkTheLanguageIsEnglish()[pri:1, instance:AlmosaferWeb.myTestCase@41dd05a]" started-at="2024-04-30T17:50:10 AST" name="checkTheLanguageIsEnglish" finished-at="2024-04-30T17:50:10 AST" duration-ms="74" status="PASS">
          <reporter-output>
          </reporter-output>
        </test-method> <!-- checkTheLanguageIsEnglish -->
        <test-method signature="checkTheCurrensyIsSar()[pri:2, instance:AlmosaferWeb.myTestCase@41dd05a]" started-at="2024-04-30T17:50:10 AST" name="checkTheCurrensyIsSar" finished-at="2024-04-30T17:50:10 AST" duration-ms="23" status="PASS">
          <reporter-output>
          </reporter-output>
        </test-method> <!-- checkTheCurrensyIsSar -->
        <test-method signature="checkNumber()[pri:3, instance:AlmosaferWeb.myTestCase@41dd05a]" started-at="2024-04-30T17:50:10 AST" name="checkNumber" finished-at="2024-04-30T17:50:10 AST" duration-ms="17" status="PASS">
          <reporter-output>
          </reporter-output>
        </test-method> <!-- checkNumber -->
        <test-method signature="logo()[pri:4, instance:AlmosaferWeb.myTestCase@41dd05a]" started-at="2024-04-30T17:50:10 AST" name="logo" finished-at="2024-04-30T17:50:10 AST" duration-ms="30" status="PASS">
          <reporter-output>
          </reporter-output>
        </test-method> <!-- logo -->
        <test-method signature="checkHotelNotSelected()[pri:5, instance:AlmosaferWeb.myTestCase@41dd05a]" started-at="2024-04-30T17:50:10 AST" name="checkHotelNotSelected" finished-at="2024-04-30T17:50:10 AST" duration-ms="17" status="PASS">
          <reporter-output>
          </reporter-output>
        </test-method> <!-- checkHotelNotSelected -->
        <test-method signature="checkDepartureAndReturnDate()[pri:6, instance:AlmosaferWeb.myTestCase@41dd05a]" started-at="2024-04-30T17:50:10 AST" name="checkDepartureAndReturnDate" finished-at="2024-04-30T17:50:10 AST" duration-ms="33" status="PASS">
          <reporter-output>
          </reporter-output>
        </test-method> <!-- checkDepartureAndReturnDate -->
        <test-method signature="RandomMethodToChangeLanguage()[pri:7, instance:AlmosaferWeb.myTestCase@41dd05a]" started-at="2024-04-30T17:50:10 AST" name="RandomMethodToChangeLanguage" finished-at="2024-04-30T17:50:12 AST" duration-ms="1511" status="PASS">
          <reporter-output>
          </reporter-output>
        </test-method> <!-- RandomMethodToChangeLanguage -->
        <test-method signature="swichTab()[pri:8, instance:AlmosaferWeb.myTestCase@41dd05a]" started-at="2024-04-30T17:50:12 AST" name="swichTab" finished-at="2024-04-30T17:50:12 AST" duration-ms="193" status="PASS">
          <reporter-output>
          </reporter-output>
        </test-method> <!-- swichTab -->
        <test-method is-config="true" signature="myPostTest()[pri:0, instance:AlmosaferWeb.myTestCase@41dd05a]" started-at="2024-04-30T17:50:12 AST" name="myPostTest" finished-at="2024-04-30T17:50:12 AST" duration-ms="0" status="PASS">
          <reporter-output>
          </reporter-output>
        </test-method> <!-- myPostTest -->
      </class> <!-- AlmosaferWeb.myTestCase -->
    </test> <!-- Default test -->
  </suite> <!-- Default suite -->
</testng-results>
